<?xml version="1.0" encoding="UTF-8"?>
<!-- Generated by org.testng.reporters.JUnitReportReporter -->
<testsuite hostname="Aamu" failures="0" tests="1" name="basic.OrgnizationsTest" time="15.827" errors="0" timestamp="2024-03-18T22:44:59 IST" skipped="0">
  <testcase classname="basic.OrgnizationsTest" name="CreateOrganizationsTest" time="15.827"/>
  <system-out/>
</testsuite> <!-- basic.OrgnizationsTest -->
